Executing: /Users/tln/cs/masters/openssh-portable/sshd -i -f /Users/tln/cs/masters/openssh-portable/regress/sshd_proxy
FATAL:
/Users/tln/cs/masters/openssh-portable/regress/sshd_proxy line 26: Deprecated option UsePrivilegeSeparation
Unable to load host key "/Users/tln/cs/masters/openssh-portable/regress/ssh-ml-dsa": error in libcrypto
Unable to load host key: /Users/tln/cs/masters/openssh-portable/regress/ssh-ml-dsa

Executing: /Users/tln/cs/masters/openssh-portable/sshd -i -f /Users/tln/cs/masters/openssh-portable/regress/sshd_proxy
FATAL:
/Users/tln/cs/masters/openssh-portable/regress/sshd_proxy line 26: Deprecated option UsePrivilegeSeparation
Unable to load host key "/Users/tln/cs/masters/openssh-portable/regress/ssh-ml-dsa": error in libcrypto
Unable to load host key: /Users/tln/cs/masters/openssh-portable/regress/ssh-ml-dsa
debug1: rexec start in -1 out -1 newsock -1 config_s 7/8
debug3: send_rexec_state: entering fd = 7 config len 1337
debug3: send_rexec_state: done
FAIL:
rexec line 26: Deprecated option UsePrivilegeSeparation
debug1: sshd-session version OpenSSH_10.2, OpenSSL 3.6.0 1 Oct 2025
debug1: network sockets: 7, 8
debug3: server_process_channel_timeouts: setting 0 timeouts
debug3: channel_clear_timeouts: clearing
Connection from UNKNOWN port 65535 on UNKNOWN port 65535
debug1: kex_exchange_identification: write: Broken pipe
banner exchange: Connection from UNKNOWN port 65535: Broken pipe

FATAL: ca sign failed

FATAL: ca sign failed
FAIL: ca sign failed

FATAL: ca sign failed

FATAL: ca sign failed
FAIL: ca sign failed

