trace: adding modulifile='/Users/tln/cs/masters/openssh-portable/moduli' to sshd_config
Executing: /Users/tln/cs/masters/openssh-portable/ssh -Q key-plain log /Users/tln/cs/masters/openssh-portable/regress/log/20251022T125442.429188.ssh.61213.log
Executing: /Users/tln/cs/masters/openssh-portable/ssh -Q key-plain log /Users/tln/cs/masters/openssh-portable/regress/log/20251022T125442.454454.ssh.61220.log
trace: using cached key type ssh-ed25519
trace: using cached key type sk-ssh-ed25519@openssh.com
trace: using cached key type ecdsa-sha2-nistp256
trace: using cached key type ecdsa-sha2-nistp384
trace: using cached key type ecdsa-sha2-nistp521
trace: using cached key type sk-ecdsa-sha2-nistp256@openssh.com
trace: using cached key type ssh-rsa
trace: using cached key type ssh-ml-dsa
Executing: /Users/tln/cs/masters/openssh-portable/ssh -F /Users/tln/cs/masters/openssh-portable/regress/ssh_proxy 999.999.999.999 true log /Users/tln/cs/masters/openssh-portable/regress/log/20251022T125442.571026.ssh.61282.log
Executing: /Users/tln/cs/masters/openssh-portable/sshd -i -f /Users/tln/cs/masters/openssh-portable/regress/sshd_proxy log /Users/tln/cs/masters/openssh-portable/regress/log/20251022T125442.824173.sshd.61286.log
Executing: /Users/tln/cs/masters/openssh-portable/ssh -F /Users/tln/cs/masters/openssh-portable/regress/ssh_proxy 999.999.999.999 true log /Users/tln/cs/masters/openssh-portable/regress/log/20251022T125442.908082.ssh.61297.log
Executing: /Users/tln/cs/masters/openssh-portable/sshd -i -f /Users/tln/cs/masters/openssh-portable/regress/sshd_proxy log /Users/tln/cs/masters/openssh-portable/regress/log/20251022T125442.932861.sshd.61301.log
Executing: /Users/tln/cs/masters/openssh-portable/ssh -F /Users/tln/cs/masters/openssh-portable/regress/ssh_proxy 999.999.999.999 true log /Users/tln/cs/masters/openssh-portable/regress/log/20251022T125443.012306.ssh.61310.log
Executing: /Users/tln/cs/masters/openssh-portable/sshd -i -f /Users/tln/cs/masters/openssh-portable/regress/sshd_proxy log /Users/tln/cs/masters/openssh-portable/regress/log/20251022T125443.036773.sshd.61314.log
Executing: /Users/tln/cs/masters/openssh-portable/ssh -F /Users/tln/cs/masters/openssh-portable/regress/ssh_proxy 999.999.999.999 true log /Users/tln/cs/masters/openssh-portable/regress/log/20251022T125443.115404.ssh.61323.log
Executing: /Users/tln/cs/masters/openssh-portable/sshd -i -f /Users/tln/cs/masters/openssh-portable/regress/sshd_proxy log /Users/tln/cs/masters/openssh-portable/regress/log/20251022T125443.141624.sshd.61327.log
Executing: /Users/tln/cs/masters/openssh-portable/ssh -F /Users/tln/cs/masters/openssh-portable/regress/ssh_proxy 999.999.999.999 true log /Users/tln/cs/masters/openssh-portable/regress/log/20251022T125443.219943.ssh.61336.log
Executing: /Users/tln/cs/masters/openssh-portable/sshd -i -f /Users/tln/cs/masters/openssh-portable/regress/sshd_proxy log /Users/tln/cs/masters/openssh-portable/regress/log/20251022T125443.243190.sshd.61340.log
Executing: /Users/tln/cs/masters/openssh-portable/ssh -F /Users/tln/cs/masters/openssh-portable/regress/ssh_proxy 999.999.999.999 true log /Users/tln/cs/masters/openssh-portable/regress/log/20251022T125443.321915.ssh.61349.log
Executing: /Users/tln/cs/masters/openssh-portable/sshd -i -f /Users/tln/cs/masters/openssh-portable/regress/sshd_proxy log /Users/tln/cs/masters/openssh-portable/regress/log/20251022T125443.345225.sshd.61353.log
Executing: /Users/tln/cs/masters/openssh-portable/ssh -F /Users/tln/cs/masters/openssh-portable/regress/ssh_proxy 999.999.999.999 true log /Users/tln/cs/masters/openssh-portable/regress/log/20251022T125443.426609.ssh.61362.log
Executing: /Users/tln/cs/masters/openssh-portable/sshd -i -f /Users/tln/cs/masters/openssh-portable/regress/sshd_proxy log /Users/tln/cs/masters/openssh-portable/regress/log/20251022T125443.453940.sshd.61366.log
Executing: /Users/tln/cs/masters/openssh-portable/ssh -F /Users/tln/cs/masters/openssh-portable/regress/ssh_proxy 999.999.999.999 true log /Users/tln/cs/masters/openssh-portable/regress/log/20251022T125443.533066.ssh.61375.log
Executing: /Users/tln/cs/masters/openssh-portable/sshd -i -f /Users/tln/cs/masters/openssh-portable/regress/sshd_proxy log /Users/tln/cs/masters/openssh-portable/regress/log/20251022T125443.556170.sshd.61379.log
Executing: /Users/tln/cs/masters/openssh-portable/ssh -F /Users/tln/cs/masters/openssh-portable/regress/ssh_proxy 999.999.999.999 true log /Users/tln/cs/masters/openssh-portable/regress/log/20251022T125443.634698.ssh.61388.log
Executing: /Users/tln/cs/masters/openssh-portable/sshd -i -f /Users/tln/cs/masters/openssh-portable/regress/sshd_proxy log /Users/tln/cs/masters/openssh-portable/regress/log/20251022T125443.660987.sshd.61392.log
FATAL:
Saving debug logs to /Users/tln/cs/masters/openssh-portable/regress/failed-proxy_connect_with_privsep-logs.tar

trace: adding modulifile='/Users/tln/cs/masters/openssh-portable/moduli' to sshd_config
Executing: /Users/tln/cs/masters/openssh-portable/ssh -Q key-plain log /Users/tln/cs/masters/openssh-portable/regress/log/20251022T125442.429188.ssh.61213.log
Executing: /Users/tln/cs/masters/openssh-portable/ssh -Q key-plain log /Users/tln/cs/masters/openssh-portable/regress/log/20251022T125442.454454.ssh.61220.log
trace: using cached key type ssh-ed25519
trace: using cached key type sk-ssh-ed25519@openssh.com
trace: using cached key type ecdsa-sha2-nistp256
trace: using cached key type ecdsa-sha2-nistp384
trace: using cached key type ecdsa-sha2-nistp521
trace: using cached key type sk-ecdsa-sha2-nistp256@openssh.com
trace: using cached key type ssh-rsa
trace: using cached key type ssh-ml-dsa
Executing: /Users/tln/cs/masters/openssh-portable/ssh -F /Users/tln/cs/masters/openssh-portable/regress/ssh_proxy 999.999.999.999 true log /Users/tln/cs/masters/openssh-portable/regress/log/20251022T125442.571026.ssh.61282.log
Executing: /Users/tln/cs/masters/openssh-portable/sshd -i -f /Users/tln/cs/masters/openssh-portable/regress/sshd_proxy log /Users/tln/cs/masters/openssh-portable/regress/log/20251022T125442.824173.sshd.61286.log
Executing: /Users/tln/cs/masters/openssh-portable/ssh -F /Users/tln/cs/masters/openssh-portable/regress/ssh_proxy 999.999.999.999 true log /Users/tln/cs/masters/openssh-portable/regress/log/20251022T125442.908082.ssh.61297.log
Executing: /Users/tln/cs/masters/openssh-portable/sshd -i -f /Users/tln/cs/masters/openssh-portable/regress/sshd_proxy log /Users/tln/cs/masters/openssh-portable/regress/log/20251022T125442.932861.sshd.61301.log
Executing: /Users/tln/cs/masters/openssh-portable/ssh -F /Users/tln/cs/masters/openssh-portable/regress/ssh_proxy 999.999.999.999 true log /Users/tln/cs/masters/openssh-portable/regress/log/20251022T125443.012306.ssh.61310.log
Executing: /Users/tln/cs/masters/openssh-portable/sshd -i -f /Users/tln/cs/masters/openssh-portable/regress/sshd_proxy log /Users/tln/cs/masters/openssh-portable/regress/log/20251022T125443.036773.sshd.61314.log
Executing: /Users/tln/cs/masters/openssh-portable/ssh -F /Users/tln/cs/masters/openssh-portable/regress/ssh_proxy 999.999.999.999 true log /Users/tln/cs/masters/openssh-portable/regress/log/20251022T125443.115404.ssh.61323.log
Executing: /Users/tln/cs/masters/openssh-portable/sshd -i -f /Users/tln/cs/masters/openssh-portable/regress/sshd_proxy log /Users/tln/cs/masters/openssh-portable/regress/log/20251022T125443.141624.sshd.61327.log
Executing: /Users/tln/cs/masters/openssh-portable/ssh -F /Users/tln/cs/masters/openssh-portable/regress/ssh_proxy 999.999.999.999 true log /Users/tln/cs/masters/openssh-portable/regress/log/20251022T125443.219943.ssh.61336.log
Executing: /Users/tln/cs/masters/openssh-portable/sshd -i -f /Users/tln/cs/masters/openssh-portable/regress/sshd_proxy log /Users/tln/cs/masters/openssh-portable/regress/log/20251022T125443.243190.sshd.61340.log
Executing: /Users/tln/cs/masters/openssh-portable/ssh -F /Users/tln/cs/masters/openssh-portable/regress/ssh_proxy 999.999.999.999 true log /Users/tln/cs/masters/openssh-portable/regress/log/20251022T125443.321915.ssh.61349.log
Executing: /Users/tln/cs/masters/openssh-portable/sshd -i -f /Users/tln/cs/masters/openssh-portable/regress/sshd_proxy log /Users/tln/cs/masters/openssh-portable/regress/log/20251022T125443.345225.sshd.61353.log
Executing: /Users/tln/cs/masters/openssh-portable/ssh -F /Users/tln/cs/masters/openssh-portable/regress/ssh_proxy 999.999.999.999 true log /Users/tln/cs/masters/openssh-portable/regress/log/20251022T125443.426609.ssh.61362.log
Executing: /Users/tln/cs/masters/openssh-portable/sshd -i -f /Users/tln/cs/masters/openssh-portable/regress/sshd_proxy log /Users/tln/cs/masters/openssh-portable/regress/log/20251022T125443.453940.sshd.61366.log
Executing: /Users/tln/cs/masters/openssh-portable/ssh -F /Users/tln/cs/masters/openssh-portable/regress/ssh_proxy 999.999.999.999 true log /Users/tln/cs/masters/openssh-portable/regress/log/20251022T125443.533066.ssh.61375.log
Executing: /Users/tln/cs/masters/openssh-portable/sshd -i -f /Users/tln/cs/masters/openssh-portable/regress/sshd_proxy log /Users/tln/cs/masters/openssh-portable/regress/log/20251022T125443.556170.sshd.61379.log
Executing: /Users/tln/cs/masters/openssh-portable/ssh -F /Users/tln/cs/masters/openssh-portable/regress/ssh_proxy 999.999.999.999 true log /Users/tln/cs/masters/openssh-portable/regress/log/20251022T125443.634698.ssh.61388.log
Executing: /Users/tln/cs/masters/openssh-portable/sshd -i -f /Users/tln/cs/masters/openssh-portable/regress/sshd_proxy log /Users/tln/cs/masters/openssh-portable/regress/log/20251022T125443.660987.sshd.61392.log
FATAL:
Saving debug logs to /Users/tln/cs/masters/openssh-portable/regress/failed-proxy_connect_with_privsep-logs.tar
FAIL:
Saving debug logs to /Users/tln/cs/masters/openssh-portable/regress/failed-proxy_connect_with_privsep-logs.tar

trace: adding modulifile='/Users/tln/cs/masters/openssh-portable/moduli' to sshd_config
Executing: /Users/tln/cs/masters/openssh-portable/ssh -Q key-plain log /Users/tln/cs/masters/openssh-portable/regress/log/20251022T125909.345073.ssh.71546.log
Executing: /Users/tln/cs/masters/openssh-portable/ssh -Q key-plain log /Users/tln/cs/masters/openssh-portable/regress/log/20251022T125909.377024.ssh.71553.log
trace: using cached key type ssh-ed25519
trace: using cached key type sk-ssh-ed25519@openssh.com
trace: using cached key type ecdsa-sha2-nistp256
trace: using cached key type ecdsa-sha2-nistp384
trace: using cached key type ecdsa-sha2-nistp521
trace: using cached key type sk-ecdsa-sha2-nistp256@openssh.com
trace: using cached key type ssh-rsa
trace: using cached key type ssh-ml-dsa
trace: start agent, args -P/* -s
Logging ssh-agent to log ${logfile}
trace: overwrite authorized keys
FATAL: ca sign failed
Saving debug logs to /Users/tln/cs/masters/openssh-portable/regress/failed-simple_agent_test-logs.tar

trace: adding modulifile='/Users/tln/cs/masters/openssh-portable/moduli' to sshd_config
Executing: /Users/tln/cs/masters/openssh-portable/ssh -Q key-plain log /Users/tln/cs/masters/openssh-portable/regress/log/20251022T125909.345073.ssh.71546.log
Executing: /Users/tln/cs/masters/openssh-portable/ssh -Q key-plain log /Users/tln/cs/masters/openssh-portable/regress/log/20251022T125909.377024.ssh.71553.log
trace: using cached key type ssh-ed25519
trace: using cached key type sk-ssh-ed25519@openssh.com
trace: using cached key type ecdsa-sha2-nistp256
trace: using cached key type ecdsa-sha2-nistp384
trace: using cached key type ecdsa-sha2-nistp521
trace: using cached key type sk-ecdsa-sha2-nistp256@openssh.com
trace: using cached key type ssh-rsa
trace: using cached key type ssh-ml-dsa
trace: start agent, args -P/* -s
Logging ssh-agent to log ${logfile}
trace: overwrite authorized keys
FATAL: ca sign failed
Saving debug logs to /Users/tln/cs/masters/openssh-portable/regress/failed-simple_agent_test-logs.tar
FAIL: ca sign failed
Saving debug logs to /Users/tln/cs/masters/openssh-portable/regress/failed-simple_agent_test-logs.tar

trace: adding modulifile='/Users/tln/cs/masters/openssh-portable/moduli' to sshd_config
Executing: /Users/tln/cs/masters/openssh-portable/ssh -Q key-plain log /Users/tln/cs/masters/openssh-portable/regress/log/20251024T125651.048878.ssh.85337.log
Executing: /Users/tln/cs/masters/openssh-portable/ssh -Q key-plain log /Users/tln/cs/masters/openssh-portable/regress/log/20251024T125651.070965.ssh.85344.log
trace: using cached key type ssh-ed25519
trace: using cached key type sk-ssh-ed25519@openssh.com
trace: using cached key type ecdsa-sha2-nistp256
trace: using cached key type ecdsa-sha2-nistp384
trace: using cached key type ecdsa-sha2-nistp521
trace: using cached key type sk-ecdsa-sha2-nistp256@openssh.com
trace: using cached key type ssh-rsa
trace: using cached key type ssh-ml-dsa
trace: start agent, args -P/* -s
Logging ssh-agent to log ${logfile}
trace: overwrite authorized keys
FATAL: ca sign failed
Saving debug logs to /Users/tln/cs/masters/openssh-portable/regress/failed-simple_agent_test-logs.tar

trace: adding modulifile='/Users/tln/cs/masters/openssh-portable/moduli' to sshd_config
Executing: /Users/tln/cs/masters/openssh-portable/ssh -Q key-plain log /Users/tln/cs/masters/openssh-portable/regress/log/20251024T125651.048878.ssh.85337.log
Executing: /Users/tln/cs/masters/openssh-portable/ssh -Q key-plain log /Users/tln/cs/masters/openssh-portable/regress/log/20251024T125651.070965.ssh.85344.log
trace: using cached key type ssh-ed25519
trace: using cached key type sk-ssh-ed25519@openssh.com
trace: using cached key type ecdsa-sha2-nistp256
trace: using cached key type ecdsa-sha2-nistp384
trace: using cached key type ecdsa-sha2-nistp521
trace: using cached key type sk-ecdsa-sha2-nistp256@openssh.com
trace: using cached key type ssh-rsa
trace: using cached key type ssh-ml-dsa
trace: start agent, args -P/* -s
Logging ssh-agent to log ${logfile}
trace: overwrite authorized keys
FATAL: ca sign failed
Saving debug logs to /Users/tln/cs/masters/openssh-portable/regress/failed-simple_agent_test-logs.tar
FAIL: ca sign failed
Saving debug logs to /Users/tln/cs/masters/openssh-portable/regress/failed-simple_agent_test-logs.tar

